<?xml version="1.0" encoding="UTF-8"?>
<testsuite xmlns:xsi="http://www.w3.org/2001/XMLSchema-instance" xsi:noNamespaceSchemaLocation="https://maven.apache.org/surefire/maven-surefire-plugin/xsd/surefire-test-report.xsd" name="ticTacToe.TicTacToeApplicationTest" time="6.48" tests="8" errors="0" skipped="0" failures="5">
  <properties>
[...]
</properties>
  <testcase name="turnChangesWhenGameIsPlayed" classname="ticTacToe.TicTacToeApplicationTest" time="2.049">
    <failure message="When the button is clicked and it&apos;s O&apos;s turn, the text contained by the button should becode 0. Now the text became:  " type="java.lang.AssertionError">java.lang.AssertionError: When the button is clicked and it's O's turn, the text contained by the button should becode 0. Now the text became:  
	at ticTacToe.TicTacToeApplicationTest.checkTurnChange(TicTacToeApplicationTest.java:130)
	at ticTacToe.TicTacToeApplicationTest.turnChangesWhenGameIsPlayed(TicTacToeApplicationTest.java:102)
</failure>
  </testcase>
  <testcase name="samePositionCannotBePlayedTwice" classname="ticTacToe.TicTacToeApplicationTest" time="0.729"/>
  <testcase name="turnChangesWhenGameIsPlayed2" classname="ticTacToe.TicTacToeApplicationTest" time="0.724">
    <failure message="When the button is clicked and it&apos;s the X turn, the text in the button should be X. Not the text in the button was:  " type="java.lang.AssertionError">java.lang.AssertionError: When the button is clicked and it's the X turn, the text in the button should be X. Not the text in the button was:  
	at ticTacToe.TicTacToeApplicationTest.checkTurnChange(TicTacToeApplicationTest.java:125)
	at ticTacToe.TicTacToeApplicationTest.turnChangesWhenGameIsPlayed2(TicTacToeApplicationTest.java:108)
</failure>
  </testcase>
  <testcase name="turnChangesWhenGameIsPlayed3" classname="ticTacToe.TicTacToeApplicationTest" time="0.833">
    <failure message="When the button is clicked and it&apos;s O&apos;s turn, the text contained by the button should becode 0. Now the text became:  " type="java.lang.AssertionError">java.lang.AssertionError: When the button is clicked and it's O's turn, the text contained by the button should becode 0. Now the text became:  
	at ticTacToe.TicTacToeApplicationTest.checkTurnChange(TicTacToeApplicationTest.java:130)
	at ticTacToe.TicTacToeApplicationTest.turnChangesWhenGameIsPlayed3(TicTacToeApplicationTest.java:114)
</failure>
  </testcase>
  <testcase name="samePositionCannotBePlayedTwice2" classname="ticTacToe.TicTacToeApplicationTest" time="0.606">
    <failure message="When the button is clicked and it&apos;s the X turn, the text in the button should be X. Not the text in the button was:  " type="java.lang.AssertionError">java.lang.AssertionError: When the button is clicked and it's the X turn, the text in the button should be X. Not the text in the button was:  
	at ticTacToe.TicTacToeApplicationTest.checkThatSamePositionCannotBePlayedTwice(TicTacToeApplicationTest.java:200)
	at ticTacToe.TicTacToeApplicationTest.samePositionCannotBePlayedTwice2(TicTacToeApplicationTest.java:144)
</failure>
  </testcase>
  <testcase name="samePositionCannotBePlacedTwice3" classname="ticTacToe.TicTacToeApplicationTest" time="0.673"/>
  <testcase name="componentsInPlace" classname="ticTacToe.TicTacToeApplicationTest" time="0.261"/>
  <testcase name="gameCanBeWonOrLost" classname="ticTacToe.TicTacToeApplicationTest" time="0.536">
    <failure message="When the button is clicked and it&apos;s X&apos;s turn, the text contained by the button should become X. Now the button contained the text:  " type="java.lang.AssertionError">java.lang.AssertionError: When the button is clicked and it's X's turn, the text contained by the button should become X. Now the button contained the text:  
	at ticTacToe.TicTacToeApplicationTest.gameCanBeWonOrLost(TicTacToeApplicationTest.java:165)
</failure>
  </testcase>
</testsuite>